2024-08-07 03:26:39,069 [INFO] Activator:176 - 


2024-08-07 03:26:39,072 [INFO] Activator:177 - !SESSION log4j initialized
2024-08-07 03:26:42,302 [INFO] LogOutputStream:77 - [STDOUT_REDIRECT] 
2024-08-07 03:26:47,062 [INFO] ApplicationProperties:184 - Using Application install path: C:\ST\STM32CubeIDE_1.16.0\STM32CubeIDE\plugins\com.st.stm32cube.common.mx_6.12.0.202406281431
2024-08-07 03:26:47,090 [INFO] DbMcusXml:78 - Set database path to: C:\ST\STM32CubeIDE_1.16.0\STM32CubeIDE\plugins\com.st.stm32cube.common.mx_6.12.0.202406281431\\db\/mcu/
2024-08-07 03:26:47,090 [INFO] ApiDb:274 - Set plugin database path to: C:\ST\STM32CubeIDE_1.16.0\STM32CubeIDE\plugins\com.st.stm32cube.common.mx_6.12.0.202406281431\\db\/plugins/boardmanager/
2024-08-07 03:26:47,091 [WARN] ApiDb:259 - Overriding images path with different value:  => C:\ST\STM32CubeIDE_1.16.0\STM32CubeIDE\plugins\com.st.stm32cube.common.mx_6.12.0.202406281431\\db\/plugins/mcufinder/images/
2024-08-07 03:26:47,102 [INFO] ApiDb:250 - Set database path to: C:\Users\hangm\.stmcufinder\plugins\mcufinder//mcu/
2024-08-07 03:26:47,103 [INFO] DbMcusAds:125 - Set database path to: C:\Users\hangm\.stmcufinder\plugins\mcufinder//mcu/
2024-08-07 03:26:47,108 [INFO] CrossReferenceDbSqlite:203 - Set database path to: C:\Users\hangm\.stmcufinder\plugins\mcufinder//mcu/cs/
2024-08-07 03:26:47,262 [INFO] RulesReader:64 - Compatibility file has been processed (297 Rules)
2024-08-07 03:26:47,388 [INFO] DbMcusXml:78 - Set database path to: C:\ST\STM32CubeIDE_1.16.0\STM32CubeIDE\plugins\com.st.stm32cube.common.mx_6.12.0.202406281431\\db\/mcu/
2024-08-07 03:26:47,388 [INFO] ApiDb:274 - Set plugin database path to: C:\ST\STM32CubeIDE_1.16.0\STM32CubeIDE\plugins\com.st.stm32cube.common.mx_6.12.0.202406281431\\db\/plugins/boardmanager/
2024-08-07 03:26:47,389 [INFO] ApiDb:261 - Set plugin images path to: C:\ST\STM32CubeIDE_1.16.0\STM32CubeIDE\plugins\com.st.stm32cube.common.mx_6.12.0.202406281431\\db\/plugins/mcufinder/images/
2024-08-07 03:26:47,389 [WARN] DbFile:41 - Overriding database path with different value: C:\Users\hangm\.stmcufinder\plugins\mcufinder/ => C:\Users\hangm\.stmcufinder\plugins\mcufinder
2024-08-07 03:26:47,389 [INFO] ApiDb:250 - Set database path to: C:\Users\hangm\.stmcufinder\plugins\mcufinder//mcu/
2024-08-07 03:26:47,389 [WARN] DbFile:41 - Overriding database path with different value: C:\Users\hangm\.stmcufinder\plugins\mcufinder/ => C:\Users\hangm\.stmcufinder\plugins\mcufinder
2024-08-07 03:26:47,390 [INFO] DbMcusAds:125 - Set database path to: C:\Users\hangm\.stmcufinder\plugins\mcufinder//mcu/
2024-08-07 03:26:47,390 [WARN] DbFile:41 - Overriding database path with different value: C:\Users\hangm\.stmcufinder\plugins\mcufinder/ => C:\Users\hangm\.stmcufinder\plugins\mcufinder
2024-08-07 03:26:47,390 [WARN] DbFile:41 - Overriding database path with different value: C:\Users\hangm\.stmcufinder\plugins\mcufinder/ => C:\Users\hangm\.stmcufinder\plugins\mcufinder
2024-08-07 03:26:47,390 [INFO] CrossReferenceDbSqlite:203 - Set database path to: C:\Users\hangm\.stmcufinder\plugins\mcufinder//mcu/cs/
2024-08-07 03:26:47,506 [INFO] MainPanel:268 - HeapMemory: 268435456
2024-08-07 03:26:47,625 [INFO] DbMcusXml:78 - Set database path to: C:\ST\STM32CubeIDE_1.16.0\STM32CubeIDE\plugins\com.st.stm32cube.common.mx_6.12.0.202406281431\\db\/mcu/
2024-08-07 03:26:47,626 [INFO] ApiDb:274 - Set plugin database path to: C:\ST\STM32CubeIDE_1.16.0\STM32CubeIDE\plugins\com.st.stm32cube.common.mx_6.12.0.202406281431\\db\/plugins/boardmanager/
2024-08-07 03:26:47,626 [INFO] ApiDb:261 - Set plugin images path to: C:\ST\STM32CubeIDE_1.16.0\STM32CubeIDE\plugins\com.st.stm32cube.common.mx_6.12.0.202406281431\\db\/plugins/mcufinder/images/
2024-08-07 03:26:47,626 [WARN] DbFile:41 - Overriding database path with different value: C:\Users\hangm\.stmcufinder\plugins\mcufinder/ => C:\Users\hangm\.stmcufinder\plugins\mcufinder
2024-08-07 03:26:47,626 [INFO] ApiDb:250 - Set database path to: C:\Users\hangm\.stmcufinder\plugins\mcufinder//mcu/
2024-08-07 03:26:47,626 [WARN] DbFile:41 - Overriding database path with different value: C:\Users\hangm\.stmcufinder\plugins\mcufinder/ => C:\Users\hangm\.stmcufinder\plugins\mcufinder
2024-08-07 03:26:47,626 [INFO] DbMcusAds:125 - Set database path to: C:\Users\hangm\.stmcufinder\plugins\mcufinder//mcu/
2024-08-07 03:26:47,626 [WARN] DbFile:41 - Overriding database path with different value: C:\Users\hangm\.stmcufinder\plugins\mcufinder/ => C:\Users\hangm\.stmcufinder\plugins\mcufinder
2024-08-07 03:26:47,626 [WARN] DbFile:41 - Overriding database path with different value: C:\Users\hangm\.stmcufinder\plugins\mcufinder/ => C:\Users\hangm\.stmcufinder\plugins\mcufinder
2024-08-07 03:26:47,627 [INFO] CrossReferenceDbSqlite:203 - Set database path to: C:\Users\hangm\.stmcufinder\plugins\mcufinder//mcu/cs/
2024-08-07 03:26:47,646 [INFO] ApplicationProperties:184 - Using Application install path: C:\ST\STM32CubeIDE_1.16.0\STM32CubeIDE\plugins\com.st.stm32cube.common.mx_6.12.0.202406281431
2024-08-07 03:26:47,648 [INFO] PluginManage:196 - Search for loadable plugins [exclusion list=, ]
2024-08-07 03:26:47,649 [INFO] PluginManage:310 - Check plugin analytics
2024-08-07 03:26:47,889 [INFO] AnalyticsPlugin:253 - Accepted Software Licenses: 
2024-08-07 03:26:47,890 [INFO] AnalyticsPlugin:255 - Accepted CMSIS Pack Licenses: 
2024-08-07 03:26:47,890 [INFO] AnalyticsPlugin:257 - Accepted Firmware Licenses: FW.G4.1.5.0,FW.F4.1.28.0,FW.F4.1.27.0
2024-08-07 03:26:47,895 [INFO] PluginManage:359 - Loaded plugin analytics (category:tool,tabindex:-1)
2024-08-07 03:26:47,896 [INFO] PluginManage:310 - Check plugin cadmodel
2024-08-07 03:26:47,919 [INFO] CADModel:105 - Init CAD model plugin
2024-08-07 03:26:47,920 [INFO] PluginManage:359 - Loaded plugin cadmodel (category:power,tabindex:5)
2024-08-07 03:26:47,920 [INFO] PluginManage:310 - Check plugin clock
2024-08-07 03:26:47,965 [INFO] PluginManage:359 - Loaded plugin clock (category:base,tabindex:2)
2024-08-07 03:26:47,965 [INFO] PluginManage:310 - Check plugin ddr
2024-08-07 03:26:47,969 [INFO] PluginManage:359 - Loaded plugin ddr (category:tool,tabindex:6)
2024-08-07 03:26:47,971 [INFO] PluginManage:310 - Check plugin filemanager
2024-08-07 03:26:48,221 [INFO] PluginManage:359 - Loaded plugin filemanager (category:base,tabindex:10)
2024-08-07 03:26:48,221 [INFO] PluginManage:310 - Check plugin ipmanager
2024-08-07 03:26:48,232 [INFO] PluginManage:359 - Loaded plugin ipmanager (category:base,tabindex:5)
2024-08-07 03:26:48,232 [INFO] PluginManage:310 - Check plugin lpbam
2024-08-07 03:26:48,256 [INFO] PluginManage:359 - Loaded plugin lpbam (category:base,tabindex:0)
2024-08-07 03:26:48,256 [INFO] PluginManage:310 - Check plugin memorymap
2024-08-07 03:26:48,292 [INFO] PluginManage:359 - Loaded plugin memorymap (category:base,tabindex:4)
2024-08-07 03:26:48,292 [INFO] PluginManage:310 - Check plugin pinoutandconfiguration
2024-08-07 03:26:48,315 [INFO] PluginManage:359 - Loaded plugin pinoutandconfiguration (category:base,tabindex:1)
2024-08-07 03:26:48,315 [INFO] PluginManage:310 - Check plugin pinoutconfig
2024-08-07 03:26:48,469 [WARN] SupportedApi:132 - Cannot load RTOS API schema: s4s-elt-must-match.1: The content of 'definitions' must match (annotation?, (simpleType | complexType)?, (unique | key | keyref)*)). A problem was found starting at: attribute.
2024-08-07 03:26:48,605 [INFO] PluginManage:359 - Loaded plugin pinoutconfig (category:base,tabindex:0)
2024-08-07 03:26:48,605 [INFO] PluginManage:310 - Check plugin power
2024-08-07 03:26:48,630 [INFO] PluginManage:359 - Loaded plugin power (category:power,tabindex:4)
2024-08-07 03:26:48,630 [INFO] PluginManage:310 - Check plugin projectmanager
2024-08-07 03:26:48,646 [INFO] PluginManage:359 - Loaded plugin projectmanager (category:projectmanager,tabindex:4)
2024-08-07 03:26:48,646 [INFO] PluginManage:310 - Check plugin rif
2024-08-07 03:26:48,659 [INFO] PluginManage:359 - Loaded plugin rif (category:base,tabindex:3)
2024-08-07 03:26:48,660 [INFO] PluginManage:310 - Check plugin thirdparty
2024-08-07 03:26:48,965 [INFO] PluginManage:359 - Loaded plugin thirdparty (category:base,tabindex:-1)
2024-08-07 03:26:48,965 [INFO] PluginManage:310 - Check plugin tools
2024-08-07 03:26:48,965 [WARN] IntegrityCheckThread:84 - waiting for thirdparty lock release [integrity check]
2024-08-07 03:26:48,965 [INFO] IntegrityCheckThread:86 - entering critical section [integrity check]
2024-08-07 03:26:48,966 [INFO] ThirdPartyUpdaterWithRetryManager:70 - Updater plugin not ready yet. [1/15]
2024-08-07 03:26:49,037 [INFO] PluginManage:359 - Loaded plugin tools (category:base,tabindex:7)
2024-08-07 03:26:49,037 [INFO] PluginManage:310 - Check plugin tutovideos
2024-08-07 03:26:49,218 [INFO] PluginManage:359 - Loaded plugin tutovideos (category:base,tabindex:-1)
2024-08-07 03:26:49,219 [INFO] PluginManage:310 - Check plugin updater
2024-08-07 03:26:49,236 [INFO] PluginManage:359 - Loaded plugin updater (category:base,tabindex:12)
2024-08-07 03:26:49,236 [INFO] PluginManage:310 - Check plugin userauth
2024-08-07 03:26:49,241 [INFO] UserAuth:113 - Init User Auth plugin
2024-08-07 03:26:49,241 [INFO] PluginManage:359 - Loaded plugin userauth (category:base,tabindex:14)
2024-08-07 03:26:49,242 [INFO] PluginManage:283 - PluginManage : Loaded plugins [18]
2024-08-07 03:26:49,434 [INFO] PinOutPanel:1561 - setPackage(No Configuration,No Configuration)
2024-08-07 03:26:49,513 [INFO] CADModel:165 - CPN selected for project level
2024-08-07 03:26:49,513 [INFO] CADModel:114 - Register for checkConnection events
2024-08-07 03:26:49,536 [INFO] IPUIPlugin:80 - create IPUIPlugin
2024-08-07 03:26:49,536 [INFO] PluginManager:220 - loadIPPluginJar : add adc
2024-08-07 03:26:49,583 [INFO] IPUIPlugin:80 - create IPUIPlugin
2024-08-07 03:26:49,583 [INFO] PluginManager:220 - loadIPPluginJar : add aes
2024-08-07 03:26:49,627 [INFO] IPUIPlugin:80 - create IPUIPlugin
2024-08-07 03:26:49,628 [INFO] PluginManager:220 - loadIPPluginJar : add can
2024-08-07 03:26:49,647 [INFO] IPUIPlugin:80 - create IPUIPlugin
2024-08-07 03:26:49,647 [INFO] PluginManager:220 - loadIPPluginJar : add comp
2024-08-07 03:26:49,681 [INFO] IPUIPlugin:80 - create IPUIPlugin
2024-08-07 03:26:49,681 [INFO] PluginManager:220 - loadIPPluginJar : add cryp
2024-08-07 03:26:49,696 [INFO] IPUIPlugin:80 - create IPUIPlugin
2024-08-07 03:26:49,696 [INFO] PluginManager:220 - loadIPPluginJar : add ddr_ctrl_phy
2024-08-07 03:26:49,735 [INFO] IPUIPlugin:80 - create IPUIPlugin
2024-08-07 03:26:49,735 [INFO] PluginManager:220 - loadIPPluginJar : add dfsdm
2024-08-07 03:26:49,752 [INFO] IPUIPlugin:80 - create IPUIPlugin
2024-08-07 03:26:49,752 [INFO] PluginManager:220 - loadIPPluginJar : add dma
2024-08-07 03:26:49,801 [INFO] IPUIPlugin:80 - create IPUIPlugin
2024-08-07 03:26:49,801 [INFO] PluginManager:220 - loadIPPluginJar : add dma3
2024-08-07 03:26:49,848 [INFO] IPUIPlugin:80 - create IPUIPlugin
2024-08-07 03:26:49,848 [INFO] PluginManager:220 - loadIPPluginJar : add extmemmanager
2024-08-07 03:26:49,879 [INFO] IPUIPlugin:80 - create IPUIPlugin
2024-08-07 03:26:49,879 [INFO] PluginManager:220 - loadIPPluginJar : add fatfs
2024-08-07 03:26:49,932 [INFO] IPUIPlugin:80 - create IPUIPlugin
2024-08-07 03:26:49,933 [INFO] PluginManager:220 - loadIPPluginJar : add fmc
2024-08-07 03:26:49,947 [INFO] IPUIPlugin:80 - create IPUIPlugin
2024-08-07 03:26:49,948 [INFO] PluginManager:220 - loadIPPluginJar : add freertos
2024-08-07 03:26:49,971 [INFO] IPUIPlugin:80 - create IPUIPlugin
2024-08-07 03:26:49,971 [INFO] PluginManager:220 - loadIPPluginJar : add genericplugin
2024-08-07 03:26:50,064 [INFO] IPUIPlugin:80 - create IPUIPlugin
2024-08-07 03:26:50,064 [INFO] PluginManager:220 - loadIPPluginJar : add gfxmmu
2024-08-07 03:26:50,175 [INFO] IPUIPlugin:80 - create IPUIPlugin
2024-08-07 03:26:50,175 [INFO] PluginManager:220 - loadIPPluginJar : add gic
2024-08-07 03:26:50,186 [INFO] IPUIPlugin:80 - create IPUIPlugin
2024-08-07 03:26:50,186 [INFO] PluginManager:220 - loadIPPluginJar : add gpio
2024-08-07 03:26:50,260 [INFO] IPUIPlugin:80 - create IPUIPlugin
2024-08-07 03:26:50,261 [INFO] PluginManager:220 - loadIPPluginJar : add gtzc
2024-08-07 03:26:50,292 [INFO] IPUIPlugin:80 - create IPUIPlugin
2024-08-07 03:26:50,292 [INFO] PluginManager:220 - loadIPPluginJar : add hash
2024-08-07 03:26:50,338 [INFO] IPUIPlugin:80 - create IPUIPlugin
2024-08-07 03:26:50,338 [INFO] PluginManager:220 - loadIPPluginJar : add i2c
2024-08-07 03:26:50,370 [INFO] IPUIPlugin:80 - create IPUIPlugin
2024-08-07 03:26:50,370 [INFO] PluginManager:220 - loadIPPluginJar : add i2s
2024-08-07 03:26:50,405 [INFO] IPUIPlugin:80 - create IPUIPlugin
2024-08-07 03:26:50,405 [INFO] PluginManager:220 - loadIPPluginJar : add i3c
2024-08-07 03:26:50,489 [INFO] IPUIPlugin:80 - create IPUIPlugin
2024-08-07 03:26:50,489 [INFO] PluginManager:220 - loadIPPluginJar : add ipddr
2024-08-07 03:26:50,570 [INFO] IPUIPlugin:80 - create IPUIPlugin
2024-08-07 03:26:50,570 [INFO] PluginManager:220 - loadIPPluginJar : add linkedlist
2024-08-07 03:26:50,603 [INFO] IPUIPlugin:80 - create IPUIPlugin
2024-08-07 03:26:50,603 [INFO] PluginManager:220 - loadIPPluginJar : add lorawan
2024-08-07 03:26:50,638 [INFO] IPUIPlugin:80 - create IPUIPlugin
2024-08-07 03:26:50,638 [INFO] PluginManager:220 - loadIPPluginJar : add ltdc
2024-08-07 03:26:50,652 [INFO] IPUIPlugin:80 - create IPUIPlugin
2024-08-07 03:26:50,652 [INFO] PluginManager:220 - loadIPPluginJar : add mdma
2024-08-07 03:26:50,664 [INFO] IPUIPlugin:80 - create IPUIPlugin
2024-08-07 03:26:50,664 [INFO] PluginManager:220 - loadIPPluginJar : add nvic
2024-08-07 03:26:50,699 [INFO] IPUIPlugin:80 - create IPUIPlugin
2024-08-07 03:26:50,699 [INFO] PluginManager:220 - loadIPPluginJar : add opamp
2024-08-07 03:26:50,753 [INFO] IPUIPlugin:80 - create IPUIPlugin
2024-08-07 03:26:50,753 [INFO] PluginManager:220 - loadIPPluginJar : add openamp
2024-08-07 03:26:50,811 [INFO] IPUIPlugin:80 - create IPUIPlugin
2024-08-07 03:26:50,811 [INFO] PluginManager:220 - loadIPPluginJar : add pdm2pcm
2024-08-07 03:26:50,825 [INFO] IPUIPlugin:80 - create IPUIPlugin
2024-08-07 03:26:50,828 [INFO] PluginManager:220 - loadIPPluginJar : add plateformsettings
2024-08-07 03:26:50,849 [INFO] IPUIPlugin:80 - create IPUIPlugin
2024-08-07 03:26:50,849 [INFO] PluginManager:220 - loadIPPluginJar : add quadspi
2024-08-07 03:26:50,874 [INFO] IPUIPlugin:80 - create IPUIPlugin
2024-08-07 03:26:50,875 [INFO] PluginManager:220 - loadIPPluginJar : add radio
2024-08-07 03:26:50,886 [INFO] IPUIPlugin:80 - create IPUIPlugin
2024-08-07 03:26:50,886 [INFO] PluginManager:220 - loadIPPluginJar : add resmgrutility
2024-08-07 03:26:50,930 [INFO] IPUIPlugin:80 - create IPUIPlugin
2024-08-07 03:26:50,930 [INFO] PluginManager:220 - loadIPPluginJar : add sai
2024-08-07 03:26:50,964 [INFO] IPUIPlugin:80 - create IPUIPlugin
2024-08-07 03:26:50,964 [INFO] PluginManager:220 - loadIPPluginJar : add spi
2024-08-07 03:26:51,028 [INFO] IPUIPlugin:80 - create IPUIPlugin
2024-08-07 03:26:51,028 [INFO] PluginManager:220 - loadIPPluginJar : add stm32_wpan
2024-08-07 03:26:51,051 [INFO] IPUIPlugin:80 - create IPUIPlugin
2024-08-07 03:26:51,051 [INFO] PluginManager:220 - loadIPPluginJar : add tim
2024-08-07 03:26:51,111 [INFO] IPUIPlugin:80 - create IPUIPlugin
2024-08-07 03:26:51,111 [INFO] PluginManager:220 - loadIPPluginJar : add touchsensing
2024-08-07 03:26:51,134 [INFO] IPUIPlugin:80 - create IPUIPlugin
2024-08-07 03:26:51,135 [INFO] PluginManager:220 - loadIPPluginJar : add tracer_emb
2024-08-07 03:26:51,160 [INFO] IPUIPlugin:80 - create IPUIPlugin
2024-08-07 03:26:51,160 [INFO] PluginManager:220 - loadIPPluginJar : add ts
2024-08-07 03:26:51,183 [INFO] IPUIPlugin:80 - create IPUIPlugin
2024-08-07 03:26:51,183 [INFO] PluginManager:220 - loadIPPluginJar : add tsc
2024-08-07 03:26:51,204 [INFO] IPUIPlugin:80 - create IPUIPlugin
2024-08-07 03:26:51,204 [INFO] PluginManager:220 - loadIPPluginJar : add ucpd
2024-08-07 03:26:51,245 [INFO] IPUIPlugin:80 - create IPUIPlugin
2024-08-07 03:26:51,245 [INFO] PluginManager:220 - loadIPPluginJar : add usart
2024-08-07 03:26:51,285 [INFO] IPUIPlugin:80 - create IPUIPlugin
2024-08-07 03:26:51,285 [INFO] PluginManager:220 - loadIPPluginJar : add usbx
2024-08-07 03:26:51,406 [INFO] CADModel:165 - CPN selected for project level
2024-08-07 03:26:51,406 [INFO] CADModel:114 - Register for checkConnection events
2024-08-07 03:26:51,406 [FATAL] Updater:334 - Updater called before beeing initialized
2024-08-07 03:26:51,406 [ERROR] CADModel:125 - Updater not yet initialized, retry later 
2024-08-07 03:26:51,550 [INFO] CADModel:165 - CPN selected for project level
2024-08-07 03:26:51,551 [INFO] CADModel:114 - Register for checkConnection events
2024-08-07 03:26:51,551 [FATAL] Updater:334 - Updater called before beeing initialized
2024-08-07 03:26:51,551 [ERROR] CADModel:125 - Updater not yet initialized, retry later 
2024-08-07 03:26:51,554 [FATAL] Updater:334 - Updater called before beeing initialized
2024-08-07 03:26:51,660 [FATAL] Updater:334 - Updater called before beeing initialized
2024-08-07 03:26:51,670 [INFO] DbMcusAds:53 - JSON generation date=Thu May 16 18:22:00 KST 2024 (1715851320667)
2024-08-07 03:26:51,671 [FATAL] Updater:334 - Updater called before beeing initialized
2024-08-07 03:26:51,705 [WARN] DetailPanel:346 - Failed to get advertising image, set to default
2024-08-07 03:26:51,779 [FATAL] Updater:334 - Updater called before beeing initialized
2024-08-07 03:26:51,781 [FATAL] Updater:334 - Updater called before beeing initialized
2024-08-07 03:26:51,781 [FATAL] Updater:334 - Updater called before beeing initialized
2024-08-07 03:26:51,781 [WARN] DetailPanel:346 - Failed to get advertising image, set to default
2024-08-07 03:26:51,782 [FATAL] Updater:334 - Updater called before beeing initialized
2024-08-07 03:26:51,838 [ERROR] Updater:1164 - MainUpdater not yet initialized. External WinMGr cannot be set.
2024-08-07 03:26:51,849 [INFO] Updater:1100 - Updater Version found : 6.12.0
2024-08-07 03:26:51,865 [INFO] ApplicationProperties:184 - Using Application install path: C:\ST\STM32CubeIDE_1.16.0\STM32CubeIDE\plugins\com.st.stm32cube.common.mx_6.12.0.202406281431
2024-08-07 03:26:51,967 [INFO] ThirdPartyUpdaterWithRetryManager:70 - Updater plugin not ready yet. [2/15]
2024-08-07 03:26:53,440 [ERROR] LogOutputStream:75 - [STDERR_REDIRECT] Aug 07, 2024 3:26:53 AM java.util.prefs.WindowsPreferences <init>
2024-08-07 03:26:53,441 [ERROR] LogOutputStream:75 - [STDERR_REDIRECT] WARNING: Could not open/create prefs root node Software\JavaSoft\Prefs at root 0xffffffff80000002. Windows RegCreateKeyEx(...) returned error code 5.
2024-08-07 03:26:53,441 [ERROR] LogOutputStream:75 - [STDERR_REDIRECT] 
2024-08-07 03:26:54,002 [INFO] MainUpdater:2873 - connection check result : 10
2024-08-07 03:26:54,003 [INFO] MainUpdater:290 - Updater Check For Update Now.
2024-08-07 03:26:54,003 [INFO] MicroXplorer:498 - Change Database Version : DB.6.0.120
2024-08-07 03:26:54,024 [INFO] McuFinderGlobals:63 - Set McuFinder mode to 2 (CubeIDE integrated)
2024-08-07 03:26:54,032 [INFO] UserAuth:417 - Internet connection configuration mode: 1
2024-08-07 03:26:54,095 [INFO] JxBrowserEngine:152 - Initiate JxBrowser Engine with user profile folder
2024-08-07 03:26:54,216 [INFO] CheckServerUpdateThread:120 - End of CheckServer Thread
2024-08-07 03:26:55,172 [WARN] PackLoader:240 - Cannot read IP mode file for STMicroelectronics.FP-SNS-MOTENVWB1.1.4.0
2024-08-07 03:26:55,191 [WARN] PackLoader:240 - Cannot read IP mode file for STMicroelectronics.X-CUBE-SMBUS.2.1.0
2024-08-07 03:26:55,265 [WARN] PackLoader:240 - Cannot read IP mode file for STMicroelectronics.X-CUBE-AZRTOS-F7.1.1.0
2024-08-07 03:26:55,301 [WARN] PackLoader:240 - Cannot read IP mode file for STMicroelectronics.FP-SNS-FLIGHT1.5.0.2
2024-08-07 03:26:55,326 [WARN] PackLoader:240 - Cannot read IP mode file for STMicroelectronics.X-CUBE-DISPLAY.3.0.0
2024-08-07 03:26:55,352 [WARN] PackLoader:240 - Cannot read IP mode file for STMicroelectronics.X-CUBE-BLE1.7.0.0
2024-08-07 03:26:55,368 [WARN] PackLoader:240 - Cannot read IP mode file for emotas.I-CUBE-CANOPEN.1.3.0
2024-08-07 03:26:55,390 [WARN] PackLoader:240 - Cannot read IP mode file for STMicroelectronics.X-CUBE-BLEMGR.3.1.0
2024-08-07 03:26:55,406 [WARN] PackLoader:240 - Cannot read IP mode file for STMicroelectronics.FP-SNS-SMARTAG2.1.2.0
2024-08-07 03:26:55,424 [INFO] LogOutputStream:77 - [STDOUT_REDIRECT] 1 : Invalid condition id : UX_CORESTACK_Condition cause : null
2024-08-07 03:26:55,425 [INFO] LogOutputStream:77 - [STDOUT_REDIRECT] 1 : Invalid condition id : UX_CORESTACK_Condition cause : null
2024-08-07 03:26:55,427 [INFO] LogOutputStream:77 - [STDOUT_REDIRECT] 1 : Invalid condition id : UX_CORESTACK_Condition cause : null
2024-08-07 03:26:55,428 [INFO] LogOutputStream:77 - [STDOUT_REDIRECT] 1 : Invalid condition id : UX_CORESTACK_Condition cause : null
2024-08-07 03:26:55,430 [INFO] LogOutputStream:77 - [STDOUT_REDIRECT] 1 : Invalid condition id : UX_CORESTACK_Condition cause : null
2024-08-07 03:26:55,433 [WARN] PackLoader:240 - Cannot read IP mode file for STMicroelectronics.X-CUBE-AZRTOS-WL.2.0.0
2024-08-07 03:26:55,448 [WARN] PackLoader:240 - Cannot read IP mode file for STMicroelectronics.FP-SNS-MOTENV1.5.0.0
2024-08-07 03:26:55,461 [WARN] PackLoader:240 - Cannot read IP mode file for wolfSSL.I-CUBE-wolfMQTT.1.19.0
2024-08-07 03:26:55,481 [WARN] PackLoader:240 - Cannot read IP mode file for WES.I-CUBE-Cesium.1.3.0
2024-08-07 03:26:55,495 [WARN] PackLoader:240 - Cannot read IP mode file for STMicroelectronics.X-CUBE-BLE2.3.3.0
2024-08-07 03:26:55,512 [WARN] PackLoader:240 - Cannot read IP mode file for STMicroelectronics.X-CUBE-TCPP.4.1.0
2024-08-07 03:26:55,538 [WARN] PackLoader:240 - Cannot read IP mode file for STMicroelectronics.X-CUBE-AZRTOS-G0.1.1.0
2024-08-07 03:26:55,556 [WARN] PackLoader:240 - Cannot read IP mode file for STMicroelectronics.X-CUBE-SAFEA1.1.2.2
2024-08-07 03:26:55,570 [WARN] PackLoader:240 - Cannot read IP mode file for STMicroelectronics.X-CUBE-NFC4.3.0.0
2024-08-07 03:26:55,587 [WARN] PackLoader:240 - Cannot read IP mode file for EmbeddedOffice.I-CUBE-FS-RTOS.1.0.1
2024-08-07 03:26:55,588 [ERROR] ConditionMgr:805 - Attr not supported : Dmpu
2024-08-07 03:26:55,588 [ERROR] ConditionMgr:805 - Attr not supported : Dmpu
2024-08-07 03:26:55,588 [ERROR] ConditionMgr:805 - Attr not supported : Dmpu
2024-08-07 03:26:55,588 [ERROR] ConditionMgr:805 - Attr not supported : Dmpu
2024-08-07 03:26:55,588 [ERROR] ConditionMgr:805 - Attr not supported : Dmpu
2024-08-07 03:26:55,588 [ERROR] ConditionMgr:805 - Attr not supported : Dmpu
2024-08-07 03:26:55,588 [ERROR] ConditionMgr:805 - Attr not supported : Dmpu
2024-08-07 03:26:55,588 [ERROR] ConditionMgr:805 - Attr not supported : Dmpu
2024-08-07 03:26:55,588 [ERROR] ConditionMgr:805 - Attr not supported : Dmpu
2024-08-07 03:26:55,588 [ERROR] ConditionMgr:805 - Attr not supported : Dmpu
2024-08-07 03:26:55,588 [ERROR] ConditionMgr:805 - Attr not supported : Dmpu
2024-08-07 03:26:55,588 [ERROR] ConditionMgr:805 - Attr not supported : Dmpu
2024-08-07 03:26:55,588 [ERROR] ConditionMgr:805 - Attr not supported : Dmpu
2024-08-07 03:26:55,589 [ERROR] ConditionMgr:805 - Attr not supported : Dmpu
2024-08-07 03:26:55,589 [ERROR] ConditionMgr:805 - Attr not supported : Dmpu
2024-08-07 03:26:55,589 [ERROR] ConditionMgr:805 - Attr not supported : Dmpu
2024-08-07 03:26:55,589 [ERROR] ConditionMgr:805 - Attr not supported : Dmpu
2024-08-07 03:26:55,589 [ERROR] ConditionMgr:805 - Attr not supported : Dmpu
2024-08-07 03:26:55,589 [ERROR] ConditionMgr:805 - Attr not supported : Dmpu
2024-08-07 03:26:55,589 [ERROR] ConditionMgr:805 - Attr not supported : Dmpu
2024-08-07 03:26:55,589 [ERROR] ConditionMgr:805 - Attr not supported : Dmpu
2024-08-07 03:26:55,589 [ERROR] ConditionMgr:805 - Attr not supported : Dmpu
2024-08-07 03:26:55,589 [ERROR] ConditionMgr:805 - Attr not supported : Dmpu
2024-08-07 03:26:55,589 [ERROR] ConditionMgr:805 - Attr not supported : Dmpu
2024-08-07 03:26:55,589 [ERROR] ConditionMgr:805 - Attr not supported : Dmpu
2024-08-07 03:26:55,590 [ERROR] ConditionMgr:805 - Attr not supported : Dmpu
2024-08-07 03:26:55,590 [ERROR] ConditionMgr:805 - Attr not supported : Dmpu
2024-08-07 03:26:55,590 [ERROR] ConditionMgr:805 - Attr not supported : Dmpu
2024-08-07 03:26:55,590 [ERROR] ConditionMgr:805 - Attr not supported : Dmpu
2024-08-07 03:26:55,590 [ERROR] ConditionMgr:805 - Attr not supported : Dmpu
2024-08-07 03:26:55,590 [ERROR] ConditionMgr:805 - Attr not supported : Dmpu
2024-08-07 03:26:55,590 [ERROR] ConditionMgr:805 - Attr not supported : Dmpu
2024-08-07 03:26:55,590 [ERROR] ConditionMgr:805 - Attr not supported : Dmpu
2024-08-07 03:26:55,590 [ERROR] ConditionMgr:805 - Attr not supported : Dmpu
2024-08-07 03:26:55,590 [ERROR] ConditionMgr:805 - Attr not supported : Dmpu
2024-08-07 03:26:55,590 [ERROR] ConditionMgr:805 - Attr not supported : Dmpu
2024-08-07 03:26:55,590 [ERROR] ConditionMgr:805 - Attr not supported : Dmpu
2024-08-07 03:26:55,592 [ERROR] ConditionMgr:805 - Attr not supported : Dmpu
2024-08-07 03:26:55,592 [ERROR] ConditionMgr:805 - Attr not supported : Dmpu
2024-08-07 03:26:55,592 [ERROR] ConditionMgr:805 - Attr not supported : Dmpu
2024-08-07 03:26:55,592 [ERROR] ConditionMgr:805 - Attr not supported : Dmpu
2024-08-07 03:26:55,592 [ERROR] ConditionMgr:805 - Attr not supported : Dmpu
2024-08-07 03:26:55,592 [ERROR] ConditionMgr:805 - Attr not supported : Dmpu
2024-08-07 03:26:55,592 [ERROR] ConditionMgr:805 - Attr not supported : Dmpu
2024-08-07 03:26:55,592 [ERROR] ConditionMgr:805 - Attr not supported : Dmpu
2024-08-07 03:26:55,592 [ERROR] ConditionMgr:805 - Attr not supported : Dmpu
2024-08-07 03:26:55,593 [ERROR] ConditionMgr:805 - Attr not supported : Dmpu
2024-08-07 03:26:55,593 [ERROR] ConditionMgr:805 - Attr not supported : Dmpu
2024-08-07 03:26:55,593 [ERROR] ConditionMgr:805 - Attr not supported : Dmpu
2024-08-07 03:26:55,593 [ERROR] ConditionMgr:805 - Attr not supported : Dmpu
2024-08-07 03:26:55,593 [ERROR] ConditionMgr:805 - Attr not supported : Dmpu
2024-08-07 03:26:55,593 [ERROR] ConditionMgr:805 - Attr not supported : Dmpu
2024-08-07 03:26:55,593 [ERROR] ConditionMgr:805 - Attr not supported : Dmpu
2024-08-07 03:26:55,593 [ERROR] ConditionMgr:805 - Attr not supported : Dmpu
2024-08-07 03:26:55,593 [ERROR] ConditionMgr:805 - Attr not supported : Dmpu
2024-08-07 03:26:55,593 [ERROR] ConditionMgr:805 - Attr not supported : Dmpu
2024-08-07 03:26:55,594 [ERROR] ConditionMgr:805 - Attr not supported : Dmpu
2024-08-07 03:26:55,594 [ERROR] ConditionMgr:805 - Attr not supported : Dmpu
2024-08-07 03:26:55,594 [ERROR] ConditionMgr:805 - Attr not supported : Dmpu
2024-08-07 03:26:55,594 [ERROR] ConditionMgr:805 - Attr not supported : Dmpu
2024-08-07 03:26:55,594 [ERROR] ConditionMgr:805 - Attr not supported : Dmpu
2024-08-07 03:26:55,594 [ERROR] ConditionMgr:805 - Attr not supported : Dmpu
2024-08-07 03:26:55,594 [ERROR] ConditionMgr:805 - Attr not supported : Dmpu
2024-08-07 03:26:55,594 [ERROR] ConditionMgr:805 - Attr not supported : Dmpu
2024-08-07 03:26:55,610 [WARN] PackLoader:240 - Cannot read IP mode file for RealThread.X-CUBE-RT-Thread_Nano.4.1.1
2024-08-07 03:26:55,622 [WARN] PackLoader:240 - Cannot read IP mode file for STMicroelectronics.FP-ATR-SIGFOX1.3.2.0
2024-08-07 03:26:55,636 [WARN] PackLoader:240 - Cannot read IP mode file for wolfSSL.I-CUBE-wolfSSL.5.7.2
2024-08-07 03:26:55,650 [WARN] PackLoader:240 - Cannot read IP mode file for STMicroelectronics.X-CUBE-EEPRMA1.5.1.0
2024-08-07 03:26:55,673 [WARN] PackLoader:240 - Cannot read IP mode file for ITTIA_DB.I-CUBE-ITTIADB.8.9.0
2024-08-07 03:26:55,711 [WARN] PackLoader:240 - Cannot read IP mode file for SEGGER.I-CUBE-embOS.1.3.1
2024-08-07 03:26:55,763 [WARN] PackLoader:240 - Cannot read IP mode file for STMicroelectronics.X-CUBE-ALGOBUILD.1.4.0
2024-08-07 03:26:55,785 [WARN] PackLoader:240 - Cannot read IP mode file for STMicroelectronics.X-CUBE-GNSS1.6.0.0
2024-08-07 03:26:55,815 [WARN] PackLoader:240 - Cannot read IP mode file for STMicroelectronics.X-CUBE-AZRTOS-F4.1.1.0
2024-08-07 03:26:55,833 [WARN] PackLoader:240 - Cannot read IP mode file for STMicroelectronics.X-CUBE-FREERTOS.1.2.0
2024-08-07 03:26:55,869 [WARN] PackLoader:240 - Cannot read IP mode file for STMicroelectronics.X-CUBE-AZRTOS-L5.2.0.0
2024-08-07 03:26:55,889 [WARN] PackLoader:240 - Cannot read IP mode file for STMicroelectronics.X-CUBE-NFC6.3.1.0
2024-08-07 03:26:55,909 [WARN] PackLoader:240 - Cannot read IP mode file for STMicroelectronics.X-CUBE-DPower.1.2.0
2024-08-07 03:26:55,932 [WARN] PackLoader:240 - Cannot read IP mode file for STMicroelectronics.X-CUBE-AI.9.0.0
2024-08-07 03:26:55,953 [WARN] PackLoader:240 - Cannot read IP mode file for STMicroelectronics.X-CUBE-NFC7.1.0.1
2024-08-07 03:26:55,970 [WARN] PackLoader:240 - Cannot read IP mode file for wolfSSL.I-CUBE-wolfTPM.3.2.0
2024-08-07 03:26:56,005 [WARN] ConditionMgr:438 - getConditionDescription Invalid condition id : LAN8742 Phy interface Condition cause : null
2024-08-07 03:26:56,006 [WARN] PackLoader:240 - Cannot read IP mode file for STMicroelectronics.X-CUBE-AZRTOS-L4.2.0.0
2024-08-07 03:26:56,007 [WARN] ConditionMgr:1039 - genDependencies : Invalid condition id : LAN8742 Phy interface Condition cause : null
2024-08-07 03:26:56,007 [WARN] ConditionMgr:1039 - genDependencies : Invalid condition id : LAN8742 Phy interface Condition cause : null
2024-08-07 03:26:56,007 [WARN] ConditionMgr:1039 - genDependencies : Invalid condition id : LAN8742 Phy interface Condition cause : null
2024-08-07 03:26:56,027 [WARN] PackLoader:240 - Cannot read IP mode file for STMicroelectronics.X-CUBE-SFXS2LP1.4.0.0
2024-08-07 03:26:56,057 [WARN] ConditionMgr:438 - getConditionDescription Invalid condition id : UX DEVICE CLASS RTOS Condition cause : null
2024-08-07 03:26:56,057 [WARN] ConditionMgr:438 - getConditionDescription Invalid condition id : UX DEVICE CLASS RTOS Condition cause : null
2024-08-07 03:26:56,058 [WARN] PackLoader:240 - Cannot read IP mode file for STMicroelectronics.X-CUBE-AZRTOS-WB.2.0.0
2024-08-07 03:26:56,059 [WARN] ConditionMgr:1039 - genDependencies : Invalid condition id : UX DEVICE CLASS RTOS Condition cause : null
2024-08-07 03:26:56,059 [WARN] ConditionMgr:1039 - genDependencies : Invalid condition id : UX DEVICE CLASS RTOS Condition cause : null
2024-08-07 03:26:56,059 [WARN] ConditionMgr:1039 - genDependencies : Invalid condition id : UX DEVICE CLASS RTOS Condition cause : null
2024-08-07 03:26:56,060 [WARN] ConditionMgr:1039 - genDependencies : Invalid condition id : UX DEVICE CLASS RTOS Condition cause : null
2024-08-07 03:26:56,060 [WARN] ConditionMgr:1039 - genDependencies : Invalid condition id : UX DEVICE CLASS RTOS Condition cause : null
2024-08-07 03:26:56,081 [WARN] PackLoader:240 - Cannot read IP mode file for STMicroelectronics.FP-SNS-STBOX1.2.0.0
2024-08-07 03:26:56,108 [WARN] PackLoader:240 - Cannot read IP mode file for STMicroelectronics.X-CUBE-SUBG2.5.0.0
2024-08-07 03:26:56,131 [WARN] PackLoader:240 - Cannot read IP mode file for Cesanta.I-CUBE-Mongoose.7.13.0
2024-08-07 03:26:56,161 [WARN] PackLoader:240 - Cannot read IP mode file for STMicroelectronics.X-CUBE-AZRTOS-G4.2.0.0
2024-08-07 03:26:56,177 [WARN] PackLoader:240 - Cannot read IP mode file for STMicroelectronics.X-CUBE-ISPU.2.0.0
2024-08-07 03:26:56,197 [WARN] PackLoader:240 - Cannot read IP mode file for STMicroelectronics.X-CUBE-ALS.1.0.2
2024-08-07 03:26:56,250 [WARN] PackLoader:240 - Cannot read IP mode file for STMicroelectronics.X-CUBE-MEMS1.10.0.0
2024-08-07 03:26:56,339 [WARN] PackLoader:240 - Cannot read IP mode file for STMicroelectronics.X-CUBE-TOUCHGFX.4.24.0
2024-08-07 03:26:56,362 [WARN] PackLoader:240 - Cannot read IP mode file for portGmbH.I-Cube-SoM-uGOAL.1.1.0
2024-08-07 03:26:56,398 [WARN] PackLoader:240 - Cannot read IP mode file for STMicroelectronics.X-CUBE-AZRTOS-H7RS.1.0.0
2024-08-07 03:26:56,418 [WARN] PackLoader:240 - Cannot read IP mode file for STMicroelectronics.FP-ATR-ASTRA1.2.0.0
2024-08-07 03:26:56,439 [WARN] PackLoader:240 - Cannot read IP mode file for STMicroelectronics.X-CUBE-TOF1.3.4.2
2024-08-07 03:26:56,468 [WARN] PackLoader:240 - Cannot read IP mode file for STMicroelectronics.X-CUBE-TOF1.3.4.1
2024-08-07 03:26:56,508 [WARN] PackLoader:240 - Cannot read IP mode file for STMicroelectronics.X-CUBE-AZRTOS-H7.3.2.0
2024-08-07 03:26:56,539 [WARN] PackLoader:240 - Cannot read IP mode file for Infineon.AIROC-Wi-Fi-Bluetooth-STM32.1.6.0
2024-08-07 03:26:56,559 [WARN] PackLoader:240 - Cannot read IP mode file for wolfSSL.I-CUBE-wolfSSH.1.4.17
2024-08-07 03:26:56,560 [INFO] ThirdParty:978 - Integrity check success = true
2024-08-07 03:26:56,560 [INFO] IntegrityCheckThread:100 - exiting critical section [integrity check]
2024-08-07 03:26:56,561 [INFO] IntegrityCheckThread:103 - End integrity checks thread
2024-08-07 03:26:57,456 [INFO] WebApp:167 - Instantiating new browser for Auth
2024-08-07 03:26:58,263 [INFO] WebApp:448 - Apply proxy settings
2024-08-07 03:26:58,263 [INFO] WebApp:533 - Chromium requires no authentication
2024-08-07 03:26:58,272 [INFO] WebApp:476 - Direct internet connection detected
2024-08-07 03:26:58,300 [INFO] WebApp:869 - Register for checkConnection events
2024-08-07 03:26:58,300 [INFO] WebApp:448 - Apply proxy settings
2024-08-07 03:26:58,300 [INFO] WebApp:533 - Chromium requires no authentication
2024-08-07 03:26:58,301 [INFO] WebApp:476 - Direct internet connection detected
2024-08-07 03:26:58,469 [INFO] WebApp:220 - Starting web application
2024-08-07 03:26:58,470 [INFO] WebApp:578 - Web application path used C:\ST\STM32CubeIDE_1.16.0\STM32CubeIDE\plugins\com.st.stm32cube.common.mx_6.12.0.202406281431\db\plugins\mcufinder\reactClient1\index.html
2024-08-07 03:26:58,582 [INFO] UserAuth:417 - Internet connection configuration mode: 1
2024-08-07 03:26:58,682 [INFO] WebApp:186 - Connection restablished
2024-08-07 03:28:14,910 [ERROR] LogOutputStream:75 - [STDERR_REDIRECT] 
